Using pre-set license
Built from '2020.3/staging' branch; Version is '2020.3.20f1 (41c4e627c95f) revision 4310246'; Using compiler version '192528614'; Build Type 'Release'
OS: 'Windows 10 Home; OS build 19043.1466; Version 2009; 64bit' Language: 'en' Physical Memory: 15792 MB
BatchMode: 1, IsHumanControllingUs: 0, StartBugReporterOnCrash: 0, Is64bit: 1, IsPro: 0

COMMAND LINE ARGUMENTS:
C:\Program Files\Unity\Hub\Editor\2020.3.20f1\Editor\Unity.exe
-adb2
-batchMode
-noUpm
-name
AssetImportWorker0
-projectPath
C:/Users/USER/Desktop/UnityRoyale-Public-main
-logFile
Logs/AssetImportWorker0.log
-srvPort
63127
Successfully changed project path to: C:/Users/USER/Desktop/UnityRoyale-Public-main
C:/Users/USER/Desktop/UnityRoyale-Public-main
Using Asset Import Pipeline V2.
Refreshing native plugins compatible for Editor in 40.21 ms, found 0 plugins.
Preloading 0 native plugins for Editor in 0.00 ms.
Initialize engine version: 2020.3.20f1 (41c4e627c95f)
[Subsystems] Discovering subsystems at path C:/Program Files/Unity/Hub/Editor/2020.3.20f1/Editor/Data/Resources/UnitySubsystems
[Subsystems] Discovering subsystems at path C:/Users/USER/Desktop/UnityRoyale-Public-main/Assets
GfxDevice: creating device client; threaded=0
Direct3D:
    Version:  Direct3D 11.0 [level 11.1]
    Renderer: NVIDIA GeForce RTX 3060 Laptop GPU (ID=0x2520)
    Vendor:   
    VRAM:     6023 MB
    Driver:   30.0.14.9649
Initialize mono
Mono path[0] = 'C:/Program Files/Unity/Hub/Editor/2020.3.20f1/Editor/Data/Managed'
Mono path[1] = 'C:/Program Files/Unity/Hub/Editor/2020.3.20f1/Editor/Data/MonoBleedingEdge/lib/mono/unityjit'
Mono config path = 'C:/Program Files/Unity/Hub/Editor/2020.3.20f1/Editor/Data/MonoBleedingEdge/etc'
Using monoOptions --debugger-agent=transport=dt_socket,embedding=1,server=y,suspend=n,address=127.0.0.1:56436
Begin MonoManager ReloadAssembly
Registering precompiled unity dll's ...
Register platform support module: C:/Program Files/Unity/Hub/Editor/2020.3.20f1/Editor/Data/PlaybackEngines/WindowsStandaloneSupport/UnityEditor.WindowsStandalone.Extensions.dll
Registered in 0.001354 seconds.
Native extension for WindowsStandalone target not found
Refreshing native plugins compatible for Editor in 42.32 ms, found 0 plugins.
Preloading 0 native plugins for Editor in 0.00 ms.
Mono: successfully reloaded assembly
- Completed reload, in  2.768 seconds
Domain Reload Profiling:
	ReloadAssembly (2768ms)
		BeginReloadAssembly (41ms)
			ExecutionOrderSort (0ms)
			DisableScriptedObjects (0ms)
			BackupInstance (0ms)
			ReleaseScriptingObjects (0ms)
			CreateAndSetChildDomain (1ms)
		EndReloadAssembly (348ms)
			LoadAssemblies (39ms)
			RebuildTransferFunctionScriptingTraits (0ms)
			SetupTypeCache (123ms)
			ReleaseScriptCaches (0ms)
			RebuildScriptCaches (19ms)
			SetupLoadedEditorAssemblies (143ms)
				LogAssemblyErrors (0ms)
				InitializePlatformSupportModulesInManaged (3ms)
				SetLoadedEditorAssemblies (0ms)
				RefreshPlugins (42ms)
				BeforeProcessingInitializeOnLoad (13ms)
				ProcessInitializeOnLoadAttributes (57ms)
				ProcessInitializeOnLoadMethodAttributes (27ms)
				AfterProcessingInitializeOnLoad (0ms)
				EditorAssembliesLoaded (0ms)
			ExecutionOrderSort2 (0ms)
			AwakeInstancesAfterBackupRestoration (0ms)
Platform modules already initialized, skipping
Registering precompiled user dll's ...
Registered in 0.001702 seconds.
Begin MonoManager ReloadAssembly
Native extension for WindowsStandalone target not found
Refreshing native plugins compatible for Editor in 151.63 ms, found 0 plugins.
Preloading 0 native plugins for Editor in 0.00 ms.
Mono: successfully reloaded assembly
- Completed reload, in  1.627 seconds
Domain Reload Profiling:
	ReloadAssembly (1628ms)
		BeginReloadAssembly (116ms)
			ExecutionOrderSort (0ms)
			DisableScriptedObjects (4ms)
			BackupInstance (0ms)
			ReleaseScriptingObjects (0ms)
			CreateAndSetChildDomain (21ms)
		EndReloadAssembly (1460ms)
			LoadAssemblies (73ms)
			RebuildTransferFunctionScriptingTraits (0ms)
			SetupTypeCache (689ms)
			ReleaseScriptCaches (1ms)
			RebuildScriptCaches (75ms)
			SetupLoadedEditorAssemblies (456ms)
				LogAssemblyErrors (0ms)
				InitializePlatformSupportModulesInManaged (3ms)
				SetLoadedEditorAssemblies (0ms)
				RefreshPlugins (152ms)
				BeforeProcessingInitializeOnLoad (115ms)
				ProcessInitializeOnLoadAttributes (172ms)
				ProcessInitializeOnLoadMethodAttributes (10ms)
				AfterProcessingInitializeOnLoad (4ms)
				EditorAssembliesLoaded (0ms)
			ExecutionOrderSort2 (0ms)
			AwakeInstancesAfterBackupRestoration (5ms)
Platform modules already initialized, skipping
========================================================================
Worker process is ready to serve import requests
Launched and connected shader compiler UnityShaderCompiler.exe after 0.07 seconds
Refreshing native plugins compatible for Editor in 1.43 ms, found 0 plugins.
Preloading 0 native plugins for Editor in 0.00 ms.
Unloading 3017 Unused Serialized files (Serialized files now loaded: 0)
System memory in use before: 137.5 MB.
System memory in use after: 137.7 MB.

Unloading 17 unused Assets to reduce memory usage. Loaded Objects now: 3474.
Total: 4.714400 ms (FindLiveObjects: 0.426100 ms CreateObjectMapping: 0.188700 ms MarkObjects: 3.974200 ms  DeleteObjects: 0.123500 ms)

AssetImportParameters requested are different than current active one (requested -> active):
  custom:framework-win-MediaFoundation: 216162199b28c13a410421893ffa2e32 -> 
  custom:video-decoder-ogg-theora: a1e56fd34408186e4bbccfd4996cb3dc -> 
  custom:container-muxer-webm: aa71ff27fc2769a1b78a27578f13a17b -> 
  custom:container-demuxer-webm: 4f35f7cbe854078d1ac9338744f61a02 -> 
  custom:container-demuxer-ogg: 62fdf1f143b41e24485cea50d1cbac27 -> 
  custom:video-encoder-webm-vp8: eb34c28f22e8b96e1ab97ce403110664 -> 
  custom:video-decoder-webm-vp8: 9c59270c3fd7afecdb556c50c9e8de78 -> 
  custom:audio-decoder-ogg-vorbis: bf7c407c2cedff20999df2af8eb42d56 -> 
  custom:audio-encoder-webm-vorbis: bf7c407c2cedff20999df2af8eb42d56 -> 
========================================================================
Received Import Request.
  path: Assets/Scenes/AssetsShowcases/Character Animations.unity
  artifactKey: Guid(b8c7974e5a94ade4386efe06e1cc6233) Importer(815301076,1909f56bfc062723c751e8b465ee728b)
Start importing Assets/Scenes/AssetsShowcases/Character Animations.unity using Guid(b8c7974e5a94ade4386efe06e1cc6233) Importer(815301076,1909f56bfc062723c751e8b465ee728b)  -> (artifact id: 'b42445549ab9d795c1b212a7ed6cf988') in 0.020209 seconds 
  Import took 0.026238 seconds .

========================================================================
Received Import Request.
  Time since last request: 0.000198 seconds.
  path: Assets/Scenes/AssetsShowcases/Assets Lineup.unity
  artifactKey: Guid(2d53182cbedb52a428148a3dff290c24) Importer(815301076,1909f56bfc062723c751e8b465ee728b)
Start importing Assets/Scenes/AssetsShowcases/Assets Lineup.unity using Guid(2d53182cbedb52a428148a3dff290c24) Importer(815301076,1909f56bfc062723c751e8b465ee728b)  -> (artifact id: '9d3d43291d7ac708c246ec26cf2fd406') in 0.006081 seconds 
  Import took 0.010626 seconds .

========================================================================
Received Import Request.
  Time since last request: 0.000210 seconds.
  path: Assets/Cinematics/Signals/GameOverCutscene.signal
  artifactKey: Guid(261414fa8f87b4d23ba8703588d5104a) Importer(815301076,1909f56bfc062723c751e8b465ee728b)
Start importing Assets/Cinematics/Signals/GameOverCutscene.signal using Guid(261414fa8f87b4d23ba8703588d5104a) Importer(815301076,1909f56bfc062723c751e8b465ee728b)  -> (artifact id: '23f9ecbb36913369cdf5f2f352cfadf0') in 0.025366 seconds 
  Import took 0.034386 seconds .

========================================================================
Received Import Request.
  Time since last request: 0.000415 seconds.
  path: Assets/Scenes/AssetsShowcases
  artifactKey: Guid(b8a8a1ed005734b168cb7e67683e1ffb) Importer(815301076,1909f56bfc062723c751e8b465ee728b)
Start importing Assets/Scenes/AssetsShowcases using Guid(b8a8a1ed005734b168cb7e67683e1ffb) Importer(815301076,1909f56bfc062723c751e8b465ee728b)  -> (artifact id: '3e91c092e18f5a7446ede15880ae07f0') in 0.011117 seconds 
  Import took 0.018946 seconds .

========================================================================
Received Import Request.
  Time since last request: 0.000226 seconds.
  path: Assets/Scenes
  artifactKey: Guid(04ed40ccbfa1d414fbb6d6b6f123bc06) Importer(815301076,1909f56bfc062723c751e8b465ee728b)
Start importing Assets/Scenes using Guid(04ed40ccbfa1d414fbb6d6b6f123bc06) Importer(815301076,1909f56bfc062723c751e8b465ee728b)  -> (artifact id: '30c4fe4b79498127d4cab264e79230b4') in 0.010556 seconds 
  Import took 0.018163 seconds .

========================================================================
Received Import Request.
  Time since last request: 6.466796 seconds.
  path: Assets/Scenes/AssetsShowcases/VFX.unity
  artifactKey: Guid(66e2321e4d3ea8446a85b1e5f75120db) Importer(815301076,1909f56bfc062723c751e8b465ee728b)
Start importing Assets/Scenes/AssetsShowcases/VFX.unity using Guid(66e2321e4d3ea8446a85b1e5f75120db) Importer(815301076,1909f56bfc062723c751e8b465ee728b)  -> (artifact id: 'd5ffb18f4063c89cf6d654f1c608995b') in 0.011606 seconds 
  Import took 0.018957 seconds .

========================================================================
Received Import Request.
  Time since last request: 3.887709 seconds.
  path: Assets/Scenes/Main
  artifactKey: Guid(74daa2c160b884b6aabb603effc5dd64) Importer(815301076,1909f56bfc062723c751e8b465ee728b)
Start importing Assets/Scenes/Main using Guid(74daa2c160b884b6aabb603effc5dd64) Importer(815301076,1909f56bfc062723c751e8b465ee728b)  -> (artifact id: '4ec787ca5e00ae19a18653848dd22e4d') in 0.009316 seconds 
  Import took 0.015598 seconds .

========================================================================
Received Import Request.
  Time since last request: 0.034017 seconds.
  path: Assets/Scenes/Main/LightingData.asset
  artifactKey: Guid(38b5ff64df1464cbf9f421864b79e723) Importer(815301076,1909f56bfc062723c751e8b465ee728b)
Start importing Assets/Scenes/Main/LightingData.asset using Guid(38b5ff64df1464cbf9f421864b79e723) Importer(815301076,1909f56bfc062723c751e8b465ee728b)  -> (artifact id: '2008f682eb63ac6dfdacf4132d98b9c8') in 0.007954 seconds 
  Import took 0.013661 seconds .

========================================================================
Received Import Request.
  Time since last request: 0.000544 seconds.
  path: Assets/Scenes/Main/OcclusionCullingData.asset
  artifactKey: Guid(d48779bc518ac4c2c8f73fe1c8043c36) Importer(815301076,1909f56bfc062723c751e8b465ee728b)
Start importing Assets/Scenes/Main/OcclusionCullingData.asset using Guid(d48779bc518ac4c2c8f73fe1c8043c36) Importer(815301076,1909f56bfc062723c751e8b465ee728b)  -> (artifact id: '2378a5f16d40c0b18f0ad20e6310b8d2') in 0.008104 seconds 
  Import took 0.014154 seconds .

========================================================================
Received Import Request.
  Time since last request: 0.000213 seconds.
  path: Assets/Scenes/Main/Lightmap-1_comp_light.exr
  artifactKey: Guid(a886ccb37dfdb4d9bb8b8016e339f0e4) Importer(815301076,1909f56bfc062723c751e8b465ee728b)
Start importing Assets/Scenes/Main/Lightmap-1_comp_light.exr using Guid(a886ccb37dfdb4d9bb8b8016e339f0e4) Importer(815301076,1909f56bfc062723c751e8b465ee728b)  -> (artifact id: '0a5f813656913709e4d7128b9276e1c1') in 0.067877 seconds 
  Import took 0.072697 seconds .

========================================================================
Received Import Request.
  Time since last request: 0.000220 seconds.
  path: Assets/Scenes/Main/Lightmap-5_comp_dir.png
  artifactKey: Guid(255ff9e96b67440f2b4fa5e3627bb0b3) Importer(815301076,1909f56bfc062723c751e8b465ee728b)
Start importing Assets/Scenes/Main/Lightmap-5_comp_dir.png using Guid(255ff9e96b67440f2b4fa5e3627bb0b3) Importer(815301076,1909f56bfc062723c751e8b465ee728b)  -> (artifact id: '7378349a7f9ee9a232e5acb3366ceafd') in 0.059940 seconds 
  Import took 0.064516 seconds .

========================================================================
Received Import Request.
  Time since last request: 0.000192 seconds.
  path: Assets/Scenes/Main/Lightmap-3_comp_light.exr
  artifactKey: Guid(e733ea859f6304c688ce0a6615d2d7cb) Importer(815301076,1909f56bfc062723c751e8b465ee728b)
Start importing Assets/Scenes/Main/Lightmap-3_comp_light.exr using Guid(e733ea859f6304c688ce0a6615d2d7cb) Importer(815301076,1909f56bfc062723c751e8b465ee728b)  -> (artifact id: '5ffaf250fc9db0e2fc32caf58cdd0f16') in 0.020418 seconds 
  Import took 0.027124 seconds .

========================================================================
Received Import Request.
  Time since last request: 0.000367 seconds.
  path: Assets/Scenes/Main/Lightmap-4_comp_dir.png
  artifactKey: Guid(b6cd0a2bfa68646a98d030ebc2421a6d) Importer(815301076,1909f56bfc062723c751e8b465ee728b)
Start importing Assets/Scenes/Main/Lightmap-4_comp_dir.png using Guid(b6cd0a2bfa68646a98d030ebc2421a6d) Importer(815301076,1909f56bfc062723c751e8b465ee728b)  -> (artifact id: '6953972500a5ffc9442d05785c33423e') in 0.015634 seconds 
  Import took 0.023148 seconds .

========================================================================
Received Import Request.
  Time since last request: 0.000221 seconds.
  path: Assets/Scenes/Main/Lightmap-2_comp_light.exr
  artifactKey: Guid(3f83a9470f59f4c31b46a8041044e06a) Importer(815301076,1909f56bfc062723c751e8b465ee728b)
Start importing Assets/Scenes/Main/Lightmap-2_comp_light.exr using Guid(3f83a9470f59f4c31b46a8041044e06a) Importer(815301076,1909f56bfc062723c751e8b465ee728b)  -> (artifact id: '272b2fcb7728643d905b90611c0a6dbb') in 0.018092 seconds 
  Import took 0.024666 seconds .

========================================================================
Received Import Request.
  Time since last request: 0.000300 seconds.
  path: Assets/Scenes/Main/Lightmap-1_comp_dir.png
  artifactKey: Guid(fb5d75a8be43a4d94950ed5abd253d5c) Importer(815301076,1909f56bfc062723c751e8b465ee728b)
Start importing Assets/Scenes/Main/Lightmap-1_comp_dir.png using Guid(fb5d75a8be43a4d94950ed5abd253d5c) Importer(815301076,1909f56bfc062723c751e8b465ee728b)  -> (artifact id: 'cdada4a14c22ee3d79fb1363ffaa2408') in 0.017036 seconds 
  Import took 0.023525 seconds .

========================================================================
Received Import Request.
  Time since last request: 0.000211 seconds.
  path: Assets/Scenes/Main/Lightmap-3_comp_dir.png
  artifactKey: Guid(973e0b0b46d484f8ab600a8980cdc5f6) Importer(815301076,1909f56bfc062723c751e8b465ee728b)
Start importing Assets/Scenes/Main/Lightmap-3_comp_dir.png using Guid(973e0b0b46d484f8ab600a8980cdc5f6) Importer(815301076,1909f56bfc062723c751e8b465ee728b)  -> (artifact id: '239249c01f160c78213521807ac84d47') in 0.017444 seconds 
  Import took 0.023847 seconds .

========================================================================
Received Import Request.
  Time since last request: 0.000243 seconds.
  path: Assets/Scenes/Main/ReflectionProbe-0.exr
  artifactKey: Guid(6d46ddfd38dcb4f339d90e44cbc31ee3) Importer(815301076,1909f56bfc062723c751e8b465ee728b)
Start importing Assets/Scenes/Main/ReflectionProbe-0.exr using Guid(6d46ddfd38dcb4f339d90e44cbc31ee3) Importer(815301076,1909f56bfc062723c751e8b465ee728b)  -> (artifact id: 'f9094e27e16d457ae5eb0473695b1e0d') in 0.049812 seconds 
  Import took 0.056245 seconds .

========================================================================
Received Import Request.
  Time since last request: 0.000200 seconds.
  path: Assets/Scenes/Main/Lightmap-0_comp_dir.png
  artifactKey: Guid(94cca558c6ce64fba96dee1b6d086d94) Importer(815301076,1909f56bfc062723c751e8b465ee728b)
Start importing Assets/Scenes/Main/Lightmap-0_comp_dir.png using Guid(94cca558c6ce64fba96dee1b6d086d94) Importer(815301076,1909f56bfc062723c751e8b465ee728b)  -> (artifact id: '00b3f199c895c407e8b37db769b13023') in 0.014320 seconds 
  Import took 0.020454 seconds .

========================================================================
Received Import Request.
  Time since last request: 0.000470 seconds.
  path: Assets/Scenes/Main/Lightmap-0_comp_light.exr
  artifactKey: Guid(85ae683663f3b45c691a3fca32b6303c) Importer(815301076,1909f56bfc062723c751e8b465ee728b)
Start importing Assets/Scenes/Main/Lightmap-0_comp_light.exr using Guid(85ae683663f3b45c691a3fca32b6303c) Importer(815301076,1909f56bfc062723c751e8b465ee728b)  -> (artifact id: '8873102468fb729968d277a83e08b946') in 0.021306 seconds 
  Import took 0.027583 seconds .

========================================================================
Received Import Request.
  Time since last request: 0.000336 seconds.
  path: Assets/Scenes/Main/NavMesh-NavMesh Surface.asset
  artifactKey: Guid(5aaea6bba3e744fd398775dba720240d) Importer(815301076,1909f56bfc062723c751e8b465ee728b)
Start importing Assets/Scenes/Main/NavMesh-NavMesh Surface.asset using Guid(5aaea6bba3e744fd398775dba720240d) Importer(815301076,1909f56bfc062723c751e8b465ee728b)  -> (artifact id: '9d1719884440dcef643cfb0637da1cc3') in 0.008694 seconds 
  Import took 0.015624 seconds .

========================================================================
Received Import Request.
  Time since last request: 0.000235 seconds.
  path: Assets/Scenes/Main/Lightmap-5_comp_light.exr
  artifactKey: Guid(e998bbd476a224eeeada4778a3d075e2) Importer(815301076,1909f56bfc062723c751e8b465ee728b)
Start importing Assets/Scenes/Main/Lightmap-5_comp_light.exr using Guid(e998bbd476a224eeeada4778a3d075e2) Importer(815301076,1909f56bfc062723c751e8b465ee728b)  -> (artifact id: '8b3133253739118e45cc0c012d2c2974') in 0.016155 seconds 
  Import took 0.024491 seconds .

========================================================================
Received Import Request.
  Time since last request: 0.000346 seconds.
  path: Assets/Scenes/Main/Lightmap-2_comp_dir.png
  artifactKey: Guid(cf60783111f874c9aa05385a23ed6f02) Importer(815301076,1909f56bfc062723c751e8b465ee728b)
Start importing Assets/Scenes/Main/Lightmap-2_comp_dir.png using Guid(cf60783111f874c9aa05385a23ed6f02) Importer(815301076,1909f56bfc062723c751e8b465ee728b)  -> (artifact id: 'ac8b0ae930f8c510746e5c46fcb6155e') in 0.015440 seconds 
  Import took 0.024576 seconds .

========================================================================
Received Import Request.
  Time since last request: 0.000584 seconds.
  path: Assets/Scenes/Main/Lightmap-4_comp_light.exr
  artifactKey: Guid(a3ce4ce1603da436b8291f720f5b5ff8) Importer(815301076,1909f56bfc062723c751e8b465ee728b)
Start importing Assets/Scenes/Main/Lightmap-4_comp_light.exr using Guid(a3ce4ce1603da436b8291f720f5b5ff8) Importer(815301076,1909f56bfc062723c751e8b465ee728b)  -> (artifact id: 'eb628ea99f7c8c424a648c255ce6d31c') in 0.018152 seconds 
  Import took 0.028381 seconds .

========================================================================
Received Import Request.
  Time since last request: 0.420981 seconds.
  path: Assets/Scenes/Main/ReflectionProbe-1.exr
  artifactKey: Guid(fcc102e54e4c04c638567a86c251a8c0) Importer(815301076,1909f56bfc062723c751e8b465ee728b)
Start importing Assets/Scenes/Main/ReflectionProbe-1.exr using Guid(fcc102e54e4c04c638567a86c251a8c0) Importer(815301076,1909f56bfc062723c751e8b465ee728b)  -> (artifact id: '8587efa3ee3ac1e0a301f317cc5f7260') in 0.018482 seconds 
  Import took 0.025192 seconds .

========================================================================
Received Import Request.
  Time since last request: 3.093492 seconds.
  path: Assets/Scenes/Main.unity
  artifactKey: Guid(c20071dc6d348469b8f67970dc67bed9) Importer(815301076,1909f56bfc062723c751e8b465ee728b)
Start importing Assets/Scenes/Main.unity using Guid(c20071dc6d348469b8f67970dc67bed9) Importer(815301076,1909f56bfc062723c751e8b465ee728b)  -> (artifact id: 'c7e89552e77b8fe9efa340babbc7d246') in 0.010547 seconds 
  Import took 0.016883 seconds .

========================================================================
Received Prepare
Registering precompiled user dll's ...
Registered in 0.003961 seconds.
Begin MonoManager ReloadAssembly
Native extension for WindowsStandalone target not found
Refreshing native plugins compatible for Editor in 0.58 ms, found 0 plugins.
Preloading 0 native plugins for Editor in 0.00 ms.
Mono: successfully reloaded assembly
- Completed reload, in  0.936 seconds
Domain Reload Profiling:
	ReloadAssembly (936ms)
		BeginReloadAssembly (114ms)
			ExecutionOrderSort (0ms)
			DisableScriptedObjects (5ms)
			BackupInstance (0ms)
			ReleaseScriptingObjects (0ms)
			CreateAndSetChildDomain (40ms)
		EndReloadAssembly (766ms)
			LoadAssemblies (80ms)
			RebuildTransferFunctionScriptingTraits (0ms)
			SetupTypeCache (236ms)
			ReleaseScriptCaches (2ms)
			RebuildScriptCaches (36ms)
			SetupLoadedEditorAssemblies (208ms)
				LogAssemblyErrors (0ms)
				InitializePlatformSupportModulesInManaged (3ms)
				SetLoadedEditorAssemblies (0ms)
				RefreshPlugins (1ms)
				BeforeProcessingInitializeOnLoad (73ms)
				ProcessInitializeOnLoadAttributes (121ms)
				ProcessInitializeOnLoadMethodAttributes (6ms)
				AfterProcessingInitializeOnLoad (4ms)
				EditorAssembliesLoaded (0ms)
			ExecutionOrderSort2 (0ms)
			AwakeInstancesAfterBackupRestoration (40ms)
Platform modules already initialized, skipping
Refreshing native plugins compatible for Editor in 0.52 ms, found 0 plugins.
Preloading 0 native plugins for Editor in 0.00 ms.
Unloading 2873 Unused Serialized files (Serialized files now loaded: 0)
System memory in use before: 131.6 MB.
System memory in use after: 131.8 MB.

Unloading 8 unused Assets to reduce memory usage. Loaded Objects now: 3512.
Total: 5.038800 ms (FindLiveObjects: 0.763900 ms CreateObjectMapping: 0.275000 ms MarkObjects: 3.971200 ms  DeleteObjects: 0.026400 ms)

AssetImportParameters requested are different than current active one (requested -> active):
  custom:framework-win-MediaFoundation: 216162199b28c13a410421893ffa2e32 -> 
  custom:video-decoder-ogg-theora: a1e56fd34408186e4bbccfd4996cb3dc -> 
  custom:container-muxer-webm: aa71ff27fc2769a1b78a27578f13a17b -> 
  custom:container-demuxer-webm: 4f35f7cbe854078d1ac9338744f61a02 -> 
  custom:container-demuxer-ogg: 62fdf1f143b41e24485cea50d1cbac27 -> 
  custom:video-encoder-webm-vp8: eb34c28f22e8b96e1ab97ce403110664 -> 
  custom:video-decoder-webm-vp8: 9c59270c3fd7afecdb556c50c9e8de78 -> 
  custom:audio-decoder-ogg-vorbis: bf7c407c2cedff20999df2af8eb42d56 -> 
  custom:audio-encoder-webm-vorbis: bf7c407c2cedff20999df2af8eb42d56 -> 
========================================================================
Received Prepare
Registering precompiled user dll's ...
Registered in 0.001992 seconds.
Begin MonoManager ReloadAssembly
Native extension for WindowsStandalone target not found
Refreshing native plugins compatible for Editor in 0.51 ms, found 0 plugins.
Preloading 0 native plugins for Editor in 0.00 ms.
Mono: successfully reloaded assembly
- Completed reload, in  0.839 seconds
Domain Reload Profiling:
	ReloadAssembly (839ms)
		BeginReloadAssembly (107ms)
			ExecutionOrderSort (0ms)
			DisableScriptedObjects (6ms)
			BackupInstance (0ms)
			ReleaseScriptingObjects (0ms)
			CreateAndSetChildDomain (31ms)
		EndReloadAssembly (681ms)
			LoadAssemblies (69ms)
			RebuildTransferFunctionScriptingTraits (0ms)
			SetupTypeCache (230ms)
			ReleaseScriptCaches (1ms)
			RebuildScriptCaches (32ms)
			SetupLoadedEditorAssemblies (172ms)
				LogAssemblyErrors (0ms)
				InitializePlatformSupportModulesInManaged (3ms)
				SetLoadedEditorAssemblies (0ms)
				RefreshPlugins (1ms)
				BeforeProcessingInitializeOnLoad (66ms)
				ProcessInitializeOnLoadAttributes (92ms)
				ProcessInitializeOnLoadMethodAttributes (6ms)
				AfterProcessingInitializeOnLoad (4ms)
				EditorAssembliesLoaded (0ms)
			ExecutionOrderSort2 (0ms)
			AwakeInstancesAfterBackupRestoration (74ms)
Platform modules already initialized, skipping
Refreshing native plugins compatible for Editor in 0.51 ms, found 0 plugins.
Preloading 0 native plugins for Editor in 0.00 ms.
Unloading 2873 Unused Serialized files (Serialized files now loaded: 0)
System memory in use before: 131.6 MB.
System memory in use after: 131.9 MB.

Unloading 8 unused Assets to reduce memory usage. Loaded Objects now: 3514.
Total: 2.968700 ms (FindLiveObjects: 0.371200 ms CreateObjectMapping: 0.078400 ms MarkObjects: 2.503500 ms  DeleteObjects: 0.014900 ms)

AssetImportParameters requested are different than current active one (requested -> active):
  custom:framework-win-MediaFoundation: 216162199b28c13a410421893ffa2e32 -> 
  custom:video-decoder-ogg-theora: a1e56fd34408186e4bbccfd4996cb3dc -> 
  custom:container-muxer-webm: aa71ff27fc2769a1b78a27578f13a17b -> 
  custom:container-demuxer-webm: 4f35f7cbe854078d1ac9338744f61a02 -> 
  custom:container-demuxer-ogg: 62fdf1f143b41e24485cea50d1cbac27 -> 
  custom:video-encoder-webm-vp8: eb34c28f22e8b96e1ab97ce403110664 -> 
  custom:video-decoder-webm-vp8: 9c59270c3fd7afecdb556c50c9e8de78 -> 
  custom:audio-decoder-ogg-vorbis: bf7c407c2cedff20999df2af8eb42d56 -> 
  custom:audio-encoder-webm-vorbis: bf7c407c2cedff20999df2af8eb42d56 -> 
========================================================================
Received Prepare
Registering precompiled user dll's ...
Registered in 0.003414 seconds.
Begin MonoManager ReloadAssembly
Native extension for WindowsStandalone target not found
Refreshing native plugins compatible for Editor in 0.88 ms, found 0 plugins.
Preloading 0 native plugins for Editor in 0.00 ms.
Mono: successfully reloaded assembly
- Completed reload, in  1.370 seconds
Domain Reload Profiling:
	ReloadAssembly (1371ms)
		BeginReloadAssembly (181ms)
			ExecutionOrderSort (0ms)
			DisableScriptedObjects (10ms)
			BackupInstance (0ms)
			ReleaseScriptingObjects (0ms)
			CreateAndSetChildDomain (65ms)
		EndReloadAssembly (1104ms)
			LoadAssemblies (144ms)
			RebuildTransferFunctionScriptingTraits (0ms)
			SetupTypeCache (384ms)
			ReleaseScriptCaches (4ms)
			RebuildScriptCaches (54ms)
			SetupLoadedEditorAssemblies (313ms)
				LogAssemblyErrors (0ms)
				InitializePlatformSupportModulesInManaged (4ms)
				SetLoadedEditorAssemblies (0ms)
				RefreshPlugins (1ms)
				BeforeProcessingInitializeOnLoad (111ms)
				ProcessInitializeOnLoadAttributes (181ms)
				ProcessInitializeOnLoadMethodAttributes (9ms)
				AfterProcessingInitializeOnLoad (6ms)
				EditorAssembliesLoaded (0ms)
			ExecutionOrderSort2 (0ms)
			AwakeInstancesAfterBackupRestoration (68ms)
Platform modules already initialized, skipping
Refreshing native plugins compatible for Editor in 1.10 ms, found 0 plugins.
Preloading 0 native plugins for Editor in 0.00 ms.
Unloading 2873 Unused Serialized files (Serialized files now loaded: 0)
System memory in use before: 131.7 MB.
System memory in use after: 131.9 MB.

Unloading 8 unused Assets to reduce memory usage. Loaded Objects now: 3516.
Total: 5.930100 ms (FindLiveObjects: 0.899700 ms CreateObjectMapping: 0.199500 ms MarkObjects: 4.792600 ms  DeleteObjects: 0.035400 ms)

AssetImportParameters requested are different than current active one (requested -> active):
  custom:framework-win-MediaFoundation: 216162199b28c13a410421893ffa2e32 -> 
  custom:video-decoder-ogg-theora: a1e56fd34408186e4bbccfd4996cb3dc -> 
  custom:container-muxer-webm: aa71ff27fc2769a1b78a27578f13a17b -> 
  custom:container-demuxer-webm: 4f35f7cbe854078d1ac9338744f61a02 -> 
  custom:container-demuxer-ogg: 62fdf1f143b41e24485cea50d1cbac27 -> 
  custom:video-encoder-webm-vp8: eb34c28f22e8b96e1ab97ce403110664 -> 
  custom:video-decoder-webm-vp8: 9c59270c3fd7afecdb556c50c9e8de78 -> 
  custom:audio-decoder-ogg-vorbis: bf7c407c2cedff20999df2af8eb42d56 -> 
  custom:audio-encoder-webm-vorbis: bf7c407c2cedff20999df2af8eb42d56 -> 
========================================================================
Received Prepare
Registering precompiled user dll's ...
Registered in 0.003567 seconds.
Begin MonoManager ReloadAssembly
Native extension for WindowsStandalone target not found
Refreshing native plugins compatible for Editor in 1.11 ms, found 0 plugins.
Preloading 0 native plugins for Editor in 0.00 ms.
Mono: successfully reloaded assembly
- Completed reload, in  1.250 seconds
Domain Reload Profiling:
	ReloadAssembly (1251ms)
		BeginReloadAssembly (187ms)
			ExecutionOrderSort (0ms)
			DisableScriptedObjects (8ms)
			BackupInstance (0ms)
			ReleaseScriptingObjects (0ms)
			CreateAndSetChildDomain (67ms)
		EndReloadAssembly (976ms)
			LoadAssemblies (149ms)
			RebuildTransferFunctionScriptingTraits (0ms)
			SetupTypeCache (303ms)
			ReleaseScriptCaches (2ms)
			RebuildScriptCaches (54ms)
			SetupLoadedEditorAssemblies (285ms)
				LogAssemblyErrors (0ms)
				InitializePlatformSupportModulesInManaged (4ms)
				SetLoadedEditorAssemblies (0ms)
				RefreshPlugins (1ms)
				BeforeProcessingInitializeOnLoad (103ms)
				ProcessInitializeOnLoadAttributes (161ms)
				ProcessInitializeOnLoadMethodAttributes (10ms)
				AfterProcessingInitializeOnLoad (5ms)
				EditorAssembliesLoaded (0ms)
			ExecutionOrderSort2 (0ms)
			AwakeInstancesAfterBackupRestoration (56ms)
Platform modules already initialized, skipping
Refreshing native plugins compatible for Editor in 1.44 ms, found 0 plugins.
Preloading 0 native plugins for Editor in 0.00 ms.
Unloading 2873 Unused Serialized files (Serialized files now loaded: 0)
System memory in use before: 131.7 MB.
System memory in use after: 131.9 MB.

Unloading 8 unused Assets to reduce memory usage. Loaded Objects now: 3518.
Total: 7.780100 ms (FindLiveObjects: 0.653900 ms CreateObjectMapping: 0.243700 ms MarkObjects: 6.847000 ms  DeleteObjects: 0.033000 ms)

AssetImportParameters requested are different than current active one (requested -> active):
  custom:framework-win-MediaFoundation: 216162199b28c13a410421893ffa2e32 -> 
  custom:video-decoder-ogg-theora: a1e56fd34408186e4bbccfd4996cb3dc -> 
  custom:container-muxer-webm: aa71ff27fc2769a1b78a27578f13a17b -> 
  custom:container-demuxer-webm: 4f35f7cbe854078d1ac9338744f61a02 -> 
  custom:container-demuxer-ogg: 62fdf1f143b41e24485cea50d1cbac27 -> 
  custom:video-encoder-webm-vp8: eb34c28f22e8b96e1ab97ce403110664 -> 
  custom:video-decoder-webm-vp8: 9c59270c3fd7afecdb556c50c9e8de78 -> 
  custom:audio-decoder-ogg-vorbis: bf7c407c2cedff20999df2af8eb42d56 -> 
  custom:audio-encoder-webm-vorbis: bf7c407c2cedff20999df2af8eb42d56 -> 
AssetImportWorkerClient::OnTransportError - code=2 error=End of file
